<?xml version="1.0" encoding="UTF-8"?>
<!-- Generated by org.testng.reporters.JUnitXMLReporter -->
<testsuite hostname="BDC8-DX-6R0CH92" ignored="0" name="Default test(failed)" tests="2" failures="2" timestamp="05 Jul 2019 03:22:03 GMT" time="12.996" errors="0">
  <testcase name="loginPage" time="1.351" classname="com.tests.dataDriver">
    <failure type="java.lang.AssertionError" message="expected [true] but found [false]">
      <![CDATA[java.lang.AssertionError: expected [true] but found [false]
at com.tests.dataDriver.loginPage(dataDriver.java:33)
... Removed 29 stack frames]]>
    </failure>
  </testcase> <!-- loginPage -->
  <testcase name="loginPage" time="0.738" classname="com.tests.dataDriver">
    <failure type="java.lang.AssertionError" message="expected [true] but found [false]">
      <![CDATA[java.lang.AssertionError: expected [true] but found [false]
at com.tests.dataDriver.loginPage(dataDriver.java:33)
... Removed 29 stack frames]]>
    </failure>
  </testcase> <!-- loginPage -->
</testsuite> <!-- Default test(failed) -->
