<?xml version="1.0" encoding="UTF-8"?>
<!-- Generated by org.testng.reporters.JUnitXMLReporter -->
<testsuite hostname="BDC8-DX-6R0CH92" ignored="0" name="Test11" tests="3" failures="0" timestamp="05 Jul 2019 04:08:36 GMT" time="3.753" errors="0">
  <testcase name="@BeforeTest beforeTest" time="3.706" classname="com.tests.dataDriver">
    <failure type="java.lang.NullPointerException">
      <![CDATA[java.lang.NullPointerException
at com.tests.dataDriver.beforeTest(dataDriver.java:22)
... Removed 24 stack frames]]>
    </failure>
  </testcase> <!-- @BeforeTest beforeTest -->
  <testcase name="@AfterTest afterTest" time="0.0" classname="com.tests.dataDriver">
    <skipped/>
  </testcase> <!-- @AfterTest afterTest -->
  <testcase name="loginPage" time="0.0" classname="com.tests.dataDriver">
    <skipped/>
  </testcase> <!-- loginPage -->
  <testcase name="loginPage" time="0.0" classname="com.tests.dataDriver">
    <skipped/>
  </testcase> <!-- loginPage -->
  <testcase name="loginPage" time="0.0" classname="com.tests.dataDriver">
    <skipped/>
  </testcase> <!-- loginPage -->
</testsuite> <!-- Test11 -->
