<?xml version="1.0" encoding="UTF-8"?>
<!-- Generated by org.testng.reporters.JUnitXMLReporter -->
<testsuite hostname="BDC8-DX-6R0CH92" ignored="0" name="Test2" tests="3" failures="0" timestamp="04 Jul 2019 09:48:02 GMT" time="0.011" errors="0">
  <testcase name="testRegistration" time="0.002" classname="com.tests.NewTest2"/>
  <testcase name="testLogin" time="0.001" classname="com.tests.NewTest2"/>
  <testcase name="testLogout" time="0.002" classname="com.tests.NewTest2"/>
</testsuite> <!-- Test2 -->
